<?xml version="1.0" encoding="UTF-8"?>
<!-- Generated by org.testng.reporters.JUnitReportReporter -->
<testsuite skipped="0" hostname="DESKTOP-88PECDP" name="testCase.TC_003_Addingproductscart" tests="1" failures="0" timestamp="2022-09-18T16:02:24 IST" time="38.678" errors="0">
  <testcase name="test_add_products" time="38.678" classname="testCase.TC_003_Addingproductscart"/>
  <system-out/>
</testsuite> <!-- testCase.TC_003_Addingproductscart -->
