<?xml version="1.0" encoding="UTF-8"?>
<!-- Generated by org.testng.reporters.JUnitReportReporter -->
<testsuite skipped="0" hostname="DESKTOP-88PECDP" name="testCase.TC_001_Contac_Us" tests="1" failures="0" timestamp="2022-09-17T08:17:16 IST" time="19.365" errors="0">
  <testcase name="test_invaild_contact" time="19.365" classname="testCase.TC_001_Contac_Us"/>
  <system-out/>
</testsuite> <!-- testCase.TC_001_Contac_Us -->
