<?xml version="1.0" encoding="UTF-8"?>
<!-- Generated by org.testng.reporters.JUnitReportReporter -->
<testsuite skipped="0" hostname="DESKTOP-88PECDP" name="testCase.TC_002_Contact_Us" tests="1" failures="0" timestamp="2022-09-17T08:17:16 IST" time="17.194" errors="0">
  <testcase name="test_contact_us" time="17.194" classname="testCase.TC_002_Contact_Us"/>
  <system-out/>
</testsuite> <!-- testCase.TC_002_Contact_Us -->
