<?xml version="1.0" encoding="UTF-8"?>
<!-- Generated by org.testng.reporters.JUnitReportReporter -->
<testsuite skipped="0" hostname="DESKTOP-88PECDP" name="testCase.TC_001_Contac_Us" tests="1" failures="0" timestamp="2022-09-18T16:02:24 IST" time="43.638" errors="0">
  <testcase name="test_invaild_contact" time="43.638" classname="testCase.TC_001_Contac_Us"/>
  <system-out/>
</testsuite> <!-- testCase.TC_001_Contac_Us -->
