<?xml version="1.0" encoding="UTF-8"?>
<!-- Generated by org.testng.reporters.JUnitReportReporter -->
<testsuite skipped="0" hostname="DESKTOP-88PECDP" name="testCase.TC_003_Addingproductscart" tests="1" failures="0" timestamp="2022-09-17T10:43:51 IST" time="5.539" errors="0">
  <testcase name="test_add_products" time="5.539" classname="testCase.TC_003_Addingproductscart"/>
  <system-out/>
</testsuite> <!-- testCase.TC_003_Addingproductscart -->
